<?xml version="1.0" encoding="UTF-8"?>
<robot generator="Robot 7.3.2 (Python 3.13.7 on win32)" generated="2025-08-16T15:55:38.789449" rpa="false" schemaversion="5">
<suite id="s1" name="Test" source="C:\Users\Entronica\Desktop\ATM\Testcase\test.robot">
<test id="s1-t1" name="Nested IF Example" line="45">
<kw name="Set Variable" owner="BuiltIn">
<msg time="2025-08-16T15:55:38.968484" level="INFO">${attendance} = 85</msg>
<var>${attendance}</var>
<arg>85</arg>
<doc>Returns the given values which can then be assigned to a variables.</doc>
<status status="PASS" start="2025-08-16T15:55:38.968238" elapsed="0.000279"/>
</kw>
<kw name="Set Variable" owner="BuiltIn">
<msg time="2025-08-16T15:55:38.969453" level="INFO">${score} = 45</msg>
<var>${score}</var>
<arg>45</arg>
<doc>Returns the given values which can then be assigned to a variables.</doc>
<status status="PASS" start="2025-08-16T15:55:38.969220" elapsed="0.000258"/>
</kw>
<if>
<branch type="IF" condition="${attendance} &gt;= 80">
<if>
<branch type="IF" condition="${score} &gt;= 50">
<kw name="Log" owner="BuiltIn">
<arg>ผ่านทั้งสองเงื่อนไข</arg>
<doc>Logs the given message with the given level.</doc>
<status status="NOT RUN" start="2025-08-16T15:55:38.970111" elapsed="0.000046"/>
</kw>
<status status="NOT RUN" start="2025-08-16T15:55:38.969943" elapsed="0.000250"/>
</branch>
<branch type="ELSE">
<kw name="Log" owner="BuiltIn">
<msg time="2025-08-16T15:55:38.970426" level="INFO">ขาดคะแนน ไม่ผ่านเกณฑ์</msg>
<arg>ขาดคะแนน ไม่ผ่านเกณฑ์</arg>
<doc>Logs the given message with the given level.</doc>
<status status="PASS" start="2025-08-16T15:55:38.970316" elapsed="0.000158"/>
</kw>
<status status="PASS" start="2025-08-16T15:55:38.970226" elapsed="0.000281"/>
</branch>
<status status="PASS" start="2025-08-16T15:55:38.969927" elapsed="0.000607"/>
</if>
<status status="PASS" start="2025-08-16T15:55:38.969742" elapsed="0.000811"/>
</branch>
<branch type="ELSE">
<kw name="Log" owner="BuiltIn">
<arg>ขาดเรียน ไม่เข้าเกณฑ์</arg>
<doc>Logs the given message with the given level.</doc>
<status status="NOT RUN" start="2025-08-16T15:55:38.970676" elapsed="0.000038"/>
</kw>
<status status="NOT RUN" start="2025-08-16T15:55:38.970577" elapsed="0.000171"/>
</branch>
<status status="PASS" start="2025-08-16T15:55:38.969713" elapsed="0.001057"/>
</if>
<msg time="2025-08-16T15:55:38.997600" level="INFO">Starting Browser process C:\Users\Entronica\AppData\Local\Programs\Python\Python313\Lib\site-packages\Browser\wrapper\index.js using at 127.0.0.1:59116</msg>
<tag>if4</tag>
<status status="PASS" start="2025-08-16T15:55:38.967120" elapsed="0.003916"/>
</test>
<status status="PASS" start="2025-08-16T15:55:38.790694" elapsed="1.353687"/>
</suite>
<statistics>
<total>
<stat pass="1" fail="0" skip="0">All Tests</stat>
</total>
<tag>
<stat pass="1" fail="0" skip="0">if4</stat>
</tag>
<suite>
<stat name="Test" id="s1" pass="1" fail="0" skip="0">Test</stat>
</suite>
</statistics>
<errors>
</errors>
</robot>
